<?xml version="1.0" encoding="UTF-8"?>
<testng-results ignored="0" total="2" passed="2" failed="0" skipped="0">
  <reporter-output>
  </reporter-output>
  <suite started-at="2021-12-26T21:30:48 EET" name="Default Suite" finished-at="2021-12-26T21:30:50 EET" duration-ms="2665">
    <groups>
    </groups>
    <test started-at="2021-12-26T21:30:48 EET" name="firstApiAutomationProject" finished-at="2021-12-26T21:30:50 EET" duration-ms="2665">
      <class name="GetRequest">
        <test-method signature="test1()[pri:0, instance:GetRequest@7b2bbc3]" started-at="2021-12-26T21:30:48 EET" name="test1" finished-at="2021-12-26T21:30:50 EET" duration-ms="2525" status="PASS">
          <reporter-output>
          </reporter-output>
        </test-method> <!-- test1 -->
        <test-method signature="test2()[pri:0, instance:GetRequest@7b2bbc3]" started-at="2021-12-26T21:30:50 EET" name="test2" finished-at="2021-12-26T21:30:50 EET" duration-ms="99" status="PASS">
          <reporter-output>
          </reporter-output>
        </test-method> <!-- test2 -->
      </class> <!-- GetRequest -->
    </test> <!-- firstApiAutomationProject -->
  </suite> <!-- Default Suite -->
</testng-results>
